# JRE version: Java(TM) SE Runtime Environment (8.0_271-b09) (build 1.8.0_271-b09)
# Java VM: Java HotSpot(TM) 64-Bit Server VM (25.271-b09 mixed mode windows-amd64 compressed oops)
Heap:
 PSYoungGen      total 143872K, used 34366K [0x00000000f5580000, 0x00000000ffd00000, 0x0000000100000000)
  eden space 115200K, 17% used [0x00000000f5580000,0x00000000f69bc7a8,0x00000000fc600000)
  from space 28672K, 47% used [0x00000000fc600000,0x00000000fd353058,0x00000000fe200000)
  to   space 27136K, 0% used [0x00000000fe280000,0x00000000fe280000,0x00000000ffd00000)
 ParOldGen       total 306176K, used 99209K [0x00000000e0000000, 0x00000000f2b00000, 0x00000000f5580000)
  object space 306176K, 32% used [0x00000000e0000000,0x00000000e60e24e8,0x00000000f2b00000)
 Metaspace       used 85288K, capacity 89584K, committed 89984K, reserved 1126400K
  class space    used 11533K, capacity 12512K, committed 12672K, reserved 1048576K
GC Heap History (10 events):
Event: 62.691 GC heap before
{Heap before GC invocations=21 (full 4):
 PSYoungGen      total 120320K, used 2771K [0x00000000f5580000, 0x0000000100000000, 0x0000000100000000)
  eden space 117248K, 0% used [0x00000000f5580000,0x00000000f5580000,0x00000000fc800000)
  from space 3072K, 90% used [0x00000000fc800000,0x00000000fcab4ff0,0x00000000fcb00000)
  to   space 29696K, 0% used [0x00000000fe300000,0x00000000fe300000,0x0000000100000000)
 ParOldGen       total 180736K, used 157128K [0x00000000e0000000, 0x00000000eb080000, 0x00000000f5580000)
  object space 180736K, 86% used [0x00000000e0000000,0x00000000e9972288,0x00000000eb080000)
 Metaspace       used 76897K, capacity 81476K, committed 81792K, reserved 1120256K
  class space    used 10559K, capacity 11580K, committed 11648K, reserved 1048576K
Event: 66.555 GC heap after
Heap after GC invocations=21 (full 4):
 PSYoungGen      total 120320K, used 0K [0x00000000f5580000, 0x0000000100000000, 0x0000000100000000)
  eden space 117248K, 0% used [0x00000000f5580000,0x00000000f5580000,0x00000000fc800000)
  from space 3072K, 0% used [0x00000000fc800000,0x00000000fc800000,0x00000000fcb00000)
  to   space 29696K, 0% used [0x00000000fe300000,0x00000000fe300000,0x0000000100000000)
 ParOldGen       total 306176K, used 99140K [0x00000000e0000000, 0x00000000f2b00000, 0x00000000f5580000)
  object space 306176K, 32% used [0x00000000e0000000,0x00000000e60d1128,0x00000000f2b00000)
 Metaspace       used 76547K, capacity 80498K, committed 81792K, reserved 1120256K
  class space    used 10443K, capacity 11381K, committed 11648K, reserved 1048576K
}
Event: 70.672 GC heap before
{Heap before GC invocations=22 (full 4):
 PSYoungGen      total 120320K, used 117248K [0x00000000f5580000, 0x0000000100000000, 0x0000000100000000)
  eden space 117248K, 100% used [0x00000000f5580000,0x00000000fc800000,0x00000000fc800000)
  from space 3072K, 0% used [0x00000000fc800000,0x00000000fc800000,0x00000000fcb00000)
  to   space 29696K, 0% used [0x00000000fe300000,0x00000000fe300000,0x0000000100000000)
 ParOldGen       total 306176K, used 99168K [0x00000000e0000000, 0x00000000f2b00000, 0x00000000f5580000)
  object space 306176K, 32% used [0x00000000e0000000,0x00000000e60d80f0,0x00000000f2b00000)
 Metaspace       used 78097K, capacity 82172K, committed 82944K, reserved 1120256K
  class space    used 10655K, capacity 11622K, committed 11776K, reserved 1048576K
Event: 70.721 GC heap after
Heap after GC invocations=22 (full 4):
 PSYoungGen      total 144896K, used 4560K [0x00000000f5580000, 0x0000000100000000, 0x0000000100000000)
  eden space 115200K, 0% used [0x00000000f5580000,0x00000000f5580000,0x00000000fc600000)
  from space 29696K, 15% used [0x00000000fe300000,0x00000000fe774030,0x0000000100000000)
  to   space 29696K, 0% used [0x00000000fc600000,0x00000000fc600000,0x00000000fe300000)
 ParOldGen       total 306176K, used 99176K [0x00000000e0000000, 0x00000000f2b00000, 0x00000000f5580000)
  object space 306176K, 32% used [0x00000000e0000000,0x00000000e60da0f0,0x00000000f2b00000)
 Metaspace       used 78097K, capacity 82172K, committed 82944K, reserved 1120256K
  class space    used 10655K, capacity 11622K, committed 11776K, reserved 1048576K
}
Event: 77.102 GC heap before
{Heap before GC invocations=23 (full 4):
 PSYoungGen      total 144896K, used 119760K [0x00000000f5580000, 0x0000000100000000, 0x0000000100000000)
  eden space 115200K, 100% used [0x00000000f5580000,0x00000000fc600000,0x00000000fc600000)
  from space 29696K, 15% used [0x00000000fe300000,0x00000000fe774030,0x0000000100000000)
  to   space 29696K, 0% used [0x00000000fc600000,0x00000000fc600000,0x00000000fe300000)
 ParOldGen       total 306176K, used 99185K [0x00000000e0000000, 0x00000000f2b00000, 0x00000000f5580000)
  object space 306176K, 32% used [0x00000000e0000000,0x00000000e60dc4e8,0x00000000f2b00000)
 Metaspace       used 79538K, capacity 83808K, committed 84352K, reserved 1122304K
  class space    used 10790K, capacity 11768K, committed 11904K, reserved 1048576K
Event: 77.181 GC heap after
Heap after GC invocations=23 (full 4):
 PSYoungGen      total 130560K, used 15033K [0x00000000f5580000, 0x00000000ffe00000, 0x0000000100000000)
  eden space 115200K, 0% used [0x00000000f5580000,0x00000000f5580000,0x00000000fc600000)
  from space 15360K, 97% used [0x00000000fc600000,0x00000000fd4ae780,0x00000000fd500000)
  to   space 28672K, 0% used [0x00000000fe200000,0x00000000fe200000,0x00000000ffe00000)
 ParOldGen       total 306176K, used 99193K [0x00000000e0000000, 0x00000000f2b00000, 0x00000000f5580000)
  object space 306176K, 32% used [0x00000000e0000000,0x00000000e60de4e8,0x00000000f2b00000)
 Metaspace       used 79538K, capacity 83808K, committed 84352K, reserved 1122304K
  class space    used 10790K, capacity 11768K, committed 11904K, reserved 1048576K
}
Event: 79.350 GC heap before
{Heap before GC invocations=24 (full 4):
 PSYoungGen      total 130560K, used 130233K [0x00000000f5580000, 0x00000000ffe00000, 0x0000000100000000)
  eden space 115200K, 100% used [0x00000000f5580000,0x00000000fc600000,0x00000000fc600000)
  from space 15360K, 97% used [0x00000000fc600000,0x00000000fd4ae780,0x00000000fd500000)
  to   space 28672K, 0% used [0x00000000fe200000,0x00000000fe200000,0x00000000ffe00000)
 ParOldGen       total 306176K, used 99193K [0x00000000e0000000, 0x00000000f2b00000, 0x00000000f5580000)
  object space 306176K, 32% used [0x00000000e0000000,0x00000000e60de4e8,0x00000000f2b00000)
 Metaspace       used 79796K, capacity 83984K, committed 84608K, reserved 1122304K
  class space    used 10816K, capacity 11802K, committed 11904K, reserved 1048576K
Event: 79.442 GC heap after
Heap after GC invocations=24 (full 4):
 PSYoungGen      total 143872K, used 6058K [0x00000000f5580000, 0x0000000100000000, 0x0000000100000000)
  eden space 115200K, 0% used [0x00000000f5580000,0x00000000f5580000,0x00000000fc600000)
  from space 28672K, 21% used [0x00000000fe200000,0x00000000fe7eaa58,0x00000000ffe00000)
  to   space 28672K, 0% used [0x00000000fc600000,0x00000000fc600000,0x00000000fe200000)
 ParOldGen       total 306176K, used 99201K [0x00000000e0000000, 0x00000000f2b00000, 0x00000000f5580000)
  object space 306176K, 32% used [0x00000000e0000000,0x00000000e60e04e8,0x00000000f2b00000)
 Metaspace       used 79796K, capacity 83984K, committed 84608K, reserved 1122304K
  class space    used 10816K, capacity 11802K, committed 11904K, reserved 1048576K
}
Event: 84.275 GC heap before
{Heap before GC invocations=25 (full 4):
 PSYoungGen      total 143872K, used 121258K [0x00000000f5580000, 0x0000000100000000, 0x0000000100000000)
  eden space 115200K, 100% used [0x00000000f5580000,0x00000000fc600000,0x00000000fc600000)
  from space 28672K, 21% used [0x00000000fe200000,0x00000000fe7eaa58,0x00000000ffe00000)
  to   space 28672K, 0% used [0x00000000fc600000,0x00000000fc600000,0x00000000fe200000)
 ParOldGen       total 306176K, used 99201K [0x00000000e0000000, 0x00000000f2b00000, 0x00000000f5580000)
  object space 306176K, 32% used [0x00000000e0000000,0x00000000e60e04e8,0x00000000f2b00000)
 Metaspace       used 84815K, capacity 89218K, committed 89728K, reserved 1126400K
  class space    used 11478K, capacity 12503K, committed 12672K, reserved 1048576K
Event: 84.330 GC heap after
Heap after GC invocations=25 (full 4):
 PSYoungGen      total 143872K, used 13644K [0x00000000f5580000, 0x00000000ffd00000, 0x0000000100000000)
  eden space 115200K, 0% used [0x00000000f5580000,0x00000000f5580000,0x00000000fc600000)
  from space 28672K, 47% used [0x00000000fc600000,0x00000000fd353058,0x00000000fe200000)
  to   space 27136K, 0% used [0x00000000fe280000,0x00000000fe280000,0x00000000ffd00000)
 ParOldGen       total 306176K, used 99209K [0x00000000e0000000, 0x00000000f2b00000, 0x00000000f5580000)
  object space 306176K, 32% used [0x00000000e0000000,0x00000000e60e24e8,0x00000000f2b00000)
 Metaspace       used 84815K, capacity 89218K, committed 89728K, reserved 1126400K
  class space    used 11478K, capacity 12503K, committed 12672K, reserved 1048576K
}

